<?xml version="1.0" encoding="UTF-8"?>
<!-- Generated by org.testng.reporters.JUnitXMLReporter -->
<testsuite hostname="DESKTOP-ORPIEMA" ignored="0" name="Regression" tests="14" failures="2" timestamp="23 сен 2019 14:41:20 GMT" time="303.878" errors="0">
  <testcase name="checkThatAfterClickOnAndroidIconOpensGoogleMarketPage" time="15.772" classname="com.alevel.AndroidAppLinkTest"/>
  <testcase name="checkThatAfterClickOnTwitterSocIconOpensTwitterPage" time="2.017" classname="com.alevel.TwitterSocIconTest"/>
  <testcase name="checkThatUserCanSelectCityUsingCitySelectAtHeader" time="0.38" classname="com.alevel.CitySelectTest"/>
  <testcase name="checkThatAfterClickOnTwitterSocIconOpensTwitterPage" time="3.171" classname="com.alevel.ViberPageTest"/>
  <testcase name="checkThatAfterClickOnFBSocIconOpensFBPage" time="4.079" classname="com.alevel.FBSocIconTest"/>
  <testcase name="checkThatAfterClickOnTwitterSocIconOpensTwitterPage" time="4.084" classname="com.alevel.YTPageTest"/>
  <testcase name="checkThatAfterClickOnInstagramSocIconOpensInstagramPage" time="4.48" classname="com.alevel.InstaPageTest"/>
  <testcase name="checkThatAfterClickOnIOSIconOpensAppStorePage" time="15.381" classname="com.alevel.IOSApplinkTest"/>
  <testcase name="checkThatRuLanguageIsInactiveAfterUaLanguageClick" time="2.334" classname="com.alevel.LanguageSwitchTest"/>
  <testcase name="checkUserLoginUsingPopUp" time="0.825" classname="com.alevel.LoginTest">
    <failure type="java.lang.AssertionError" message="expected [true] but found [false]">
      <![CDATA[java.lang.AssertionError: expected [true] but found [false]
at com.alevel.LoginTest.checkUserLoginUsingPopUp(LoginTest.java:18)
... Removed 28 stack frames]]>
    </failure>
  </testcase> <!-- checkUserLoginUsingPopUp -->
  <testcase name="checkThatAfterLoginUserRedirectedToDetailPage" time="11.365" classname="com.alevel.OrderStatusPageTest">
    <failure type="java.lang.AssertionError" message="expected [true] but found [false]">
      <![CDATA[java.lang.AssertionError: expected [true] but found [false]
at com.alevel.OrderStatusPageTest.checkThatAfterLoginUserRedirectedToDetailPage(OrderStatusPageTest.java:18)
... Removed 28 stack frames]]>
    </failure>
  </testcase> <!-- checkThatAfterLoginUserRedirectedToDetailPage -->
  <testcase name="checkThatPonePopupOpenedAfterClick" time="0.37" classname="com.alevel.PhonesPopupTest"/>
  <testcase name="checkSearchResultsPO" time="21.569" classname="com.alevel.SearchTests"/>
  <testcase name="checkSearchResultsPO" time="18.225" classname="com.alevel.SearchTests"/>
</testsuite> <!-- Regression -->
