<?xml version="1.0" encoding="UTF-8"?>
<testng-results skipped="0" failed="2" ignored="0" total="14" passed="12">
  <reporter-output>
  </reporter-output>
  <suite name="Full Suite" duration-ms="303878" started-at="2019-09-23T14:36:16Z" finished-at="2019-09-23T14:41:20Z">
    <groups>
    </groups>
    <test name="Regression" duration-ms="303878" started-at="2019-09-23T14:36:16Z" finished-at="2019-09-23T14:41:20Z">
      <class name="com.alevel.PhonesPopupTest">
        <test-method status="PASS" signature="setUp()[pri:0, instance:com.alevel.PhonesPopupTest@47a03d14]" name="setUp" is-config="true" duration-ms="12490" started-at="2019-09-23T14:39:58Z" finished-at="2019-09-23T14:40:11Z">
          <reporter-output>
          </reporter-output>
        </test-method> <!-- setUp -->
        <test-method status="PASS" signature="checkThatPonePopupOpenedAfterClick()[pri:0, instance:com.alevel.PhonesPopupTest@47a03d14]" name="checkThatPonePopupOpenedAfterClick" duration-ms="370" started-at="2019-09-23T14:40:11Z" finished-at="2019-09-23T14:40:11Z">
          <reporter-output>
          </reporter-output>
        </test-method> <!-- checkThatPonePopupOpenedAfterClick -->
        <test-method status="PASS" signature="tearDown()[pri:0, instance:com.alevel.PhonesPopupTest@47a03d14]" name="tearDown" is-config="true" duration-ms="726" started-at="2019-09-23T14:40:11Z" finished-at="2019-09-23T14:40:12Z">
          <reporter-output>
          </reporter-output>
        </test-method> <!-- tearDown -->
      </class> <!-- com.alevel.PhonesPopupTest -->
      <class name="com.alevel.TwitterSocIconTest">
        <test-method status="PASS" signature="setUp()[pri:0, instance:com.alevel.TwitterSocIconTest@b55ced2d]" name="setUp" is-config="true" duration-ms="13181" started-at="2019-09-23T14:36:48Z" finished-at="2019-09-23T14:37:01Z">
          <reporter-output>
          </reporter-output>
        </test-method> <!-- setUp -->
        <test-method status="PASS" signature="checkThatAfterClickOnTwitterSocIconOpensTwitterPage()[pri:0, instance:com.alevel.TwitterSocIconTest@b55ced2d]" name="checkThatAfterClickOnTwitterSocIconOpensTwitterPage" duration-ms="2017" started-at="2019-09-23T14:37:01Z" finished-at="2019-09-23T14:37:03Z">
          <reporter-output>
          </reporter-output>
        </test-method> <!-- checkThatAfterClickOnTwitterSocIconOpensTwitterPage -->
        <test-method status="PASS" signature="tearDown()[pri:0, instance:com.alevel.TwitterSocIconTest@b55ced2d]" name="tearDown" is-config="true" duration-ms="752" started-at="2019-09-23T14:37:03Z" finished-at="2019-09-23T14:37:04Z">
          <reporter-output>
          </reporter-output>
        </test-method> <!-- tearDown -->
      </class> <!-- com.alevel.TwitterSocIconTest -->
      <class name="com.alevel.LanguageSwitchTest">
        <test-method status="PASS" signature="setUp()[pri:0, instance:com.alevel.LanguageSwitchTest@16fac23f]" name="setUp" is-config="true" duration-ms="12537" started-at="2019-09-23T14:39:01Z" finished-at="2019-09-23T14:39:13Z">
          <reporter-output>
          </reporter-output>
        </test-method> <!-- setUp -->
        <test-method status="PASS" signature="checkThatRuLanguageIsInactiveAfterUaLanguageClick()[pri:0, instance:com.alevel.LanguageSwitchTest@16fac23f]" name="checkThatRuLanguageIsInactiveAfterUaLanguageClick" duration-ms="2334" started-at="2019-09-23T14:39:13Z" finished-at="2019-09-23T14:39:15Z">
          <reporter-output>
          </reporter-output>
        </test-method> <!-- checkThatRuLanguageIsInactiveAfterUaLanguageClick -->
        <test-method status="PASS" signature="tearDown()[pri:0, instance:com.alevel.LanguageSwitchTest@16fac23f]" name="tearDown" is-config="true" duration-ms="736" started-at="2019-09-23T14:39:15Z" finished-at="2019-09-23T14:39:16Z">
          <reporter-output>
          </reporter-output>
        </test-method> <!-- tearDown -->
      </class> <!-- com.alevel.LanguageSwitchTest -->
      <class name="com.alevel.OrderStatusPageTest">
        <test-method status="PASS" signature="setUp()[pri:0, instance:com.alevel.OrderStatusPageTest@ee48e0e]" name="setUp" is-config="true" duration-ms="13054" started-at="2019-09-23T14:39:33Z" finished-at="2019-09-23T14:39:46Z">
          <reporter-output>
          </reporter-output>
        </test-method> <!-- setUp -->
        <test-method status="FAIL" signature="checkThatAfterLoginUserRedirectedToDetailPage()[pri:0, instance:com.alevel.OrderStatusPageTest@ee48e0e]" name="checkThatAfterLoginUserRedirectedToDetailPage" duration-ms="11365" started-at="2019-09-23T14:39:46Z" finished-at="2019-09-23T14:39:57Z">
          <exception class="java.lang.AssertionError">
            <message>
              <![CDATA[expected [true] but found [false]]]>
            </message>
            <full-stacktrace>
              <![CDATA[java.lang.AssertionError: expected [true] but found [false]
at org.testng.Assert.fail(Assert.java:96)
at org.testng.Assert.failNotEquals(Assert.java:776)
at org.testng.Assert.assertTrue(Assert.java:44)
at org.testng.Assert.assertTrue(Assert.java:54)
at com.alevel.OrderStatusPageTest.checkThatAfterLoginUserRedirectedToDetailPage(OrderStatusPageTest.java:18)
at sun.reflect.NativeMethodAccessorImpl.invoke0(Native Method)
at sun.reflect.NativeMethodAccessorImpl.invoke(NativeMethodAccessorImpl.java:62)
at sun.reflect.DelegatingMethodAccessorImpl.invoke(DelegatingMethodAccessorImpl.java:43)
at java.lang.reflect.Method.invoke(Method.java:498)
at org.testng.internal.MethodInvocationHelper.invokeMethod(MethodInvocationHelper.java:124)
at org.testng.internal.Invoker.invokeMethod(Invoker.java:583)
at org.testng.internal.Invoker.invokeTestMethod(Invoker.java:719)
at org.testng.internal.Invoker.invokeTestMethods(Invoker.java:989)
at org.testng.internal.TestMethodWorker.invokeTestMethods(TestMethodWorker.java:125)
at org.testng.internal.TestMethodWorker.run(TestMethodWorker.java:109)
at org.testng.TestRunner.privateRun(TestRunner.java:648)
at org.testng.TestRunner.run(TestRunner.java:505)
at org.testng.SuiteRunner.runTest(SuiteRunner.java:455)
at org.testng.SuiteRunner.runSequentially(SuiteRunner.java:450)
at org.testng.SuiteRunner.privateRun(SuiteRunner.java:415)
at org.testng.SuiteRunner.run(SuiteRunner.java:364)
at org.testng.SuiteRunnerWorker.runSuite(SuiteRunnerWorker.java:52)
at org.testng.SuiteRunnerWorker.run(SuiteRunnerWorker.java:84)
at org.testng.TestNG.runSuitesSequentially(TestNG.java:1208)
at org.testng.TestNG.runSuitesLocally(TestNG.java:1137)
at org.testng.TestNG.runSuites(TestNG.java:1049)
at org.testng.TestNG.run(TestNG.java:1017)
at org.testng.IDEARemoteTestNG.run(IDEARemoteTestNG.java:73)
at org.testng.RemoteTestNGStarter.main(RemoteTestNGStarter.java:123)
]]>
            </full-stacktrace>
          </exception> <!-- java.lang.AssertionError -->
          <reporter-output>
          </reporter-output>
        </test-method> <!-- checkThatAfterLoginUserRedirectedToDetailPage -->
        <test-method status="PASS" signature="tearDown()[pri:0, instance:com.alevel.OrderStatusPageTest@ee48e0e]" name="tearDown" is-config="true" duration-ms="730" started-at="2019-09-23T14:39:58Z" finished-at="2019-09-23T14:39:58Z">
          <reporter-output>
          </reporter-output>
        </test-method> <!-- tearDown -->
      </class> <!-- com.alevel.OrderStatusPageTest -->
      <class name="com.alevel.AndroidAppLinkTest">
        <test-method status="PASS" signature="setUp()[pri:0, instance:com.alevel.AndroidAppLinkTest@5c07fcd5]" name="setUp" is-config="true" duration-ms="15269" started-at="2019-09-23T14:36:16Z" finished-at="2019-09-23T14:36:31Z">
          <reporter-output>
          </reporter-output>
        </test-method> <!-- setUp -->
        <test-method status="PASS" signature="checkThatAfterClickOnAndroidIconOpensGoogleMarketPage()[pri:0, instance:com.alevel.AndroidAppLinkTest@5c07fcd5]" name="checkThatAfterClickOnAndroidIconOpensGoogleMarketPage" duration-ms="15772" started-at="2019-09-23T14:36:31Z" finished-at="2019-09-23T14:36:47Z">
          <reporter-output>
          </reporter-output>
        </test-method> <!-- checkThatAfterClickOnAndroidIconOpensGoogleMarketPage -->
        <test-method status="PASS" signature="tearDown()[pri:0, instance:com.alevel.AndroidAppLinkTest@5c07fcd5]" name="tearDown" is-config="true" duration-ms="747" started-at="2019-09-23T14:36:47Z" finished-at="2019-09-23T14:36:48Z">
          <reporter-output>
          </reporter-output>
        </test-method> <!-- tearDown -->
      </class> <!-- com.alevel.AndroidAppLinkTest -->
      <class name="com.alevel.LoginTest">
        <test-method status="PASS" signature="setUp()[pri:0, instance:com.alevel.LoginTest@af0964f4]" name="setUp" is-config="true" duration-ms="13286" started-at="2019-09-23T14:39:16Z" finished-at="2019-09-23T14:39:29Z">
          <reporter-output>
          </reporter-output>
        </test-method> <!-- setUp -->
        <test-method status="FAIL" signature="checkUserLoginUsingPopUp()[pri:0, instance:com.alevel.LoginTest@af0964f4]" name="checkUserLoginUsingPopUp" duration-ms="825" started-at="2019-09-23T14:39:29Z" finished-at="2019-09-23T14:39:30Z">
          <exception class="java.lang.AssertionError">
            <message>
              <![CDATA[expected [true] but found [false]]]>
            </message>
            <full-stacktrace>
              <![CDATA[java.lang.AssertionError: expected [true] but found [false]
at org.testng.Assert.fail(Assert.java:96)
at org.testng.Assert.failNotEquals(Assert.java:776)
at org.testng.Assert.assertTrue(Assert.java:44)
at org.testng.Assert.assertTrue(Assert.java:54)
at com.alevel.LoginTest.checkUserLoginUsingPopUp(LoginTest.java:18)
at sun.reflect.NativeMethodAccessorImpl.invoke0(Native Method)
at sun.reflect.NativeMethodAccessorImpl.invoke(NativeMethodAccessorImpl.java:62)
at sun.reflect.DelegatingMethodAccessorImpl.invoke(DelegatingMethodAccessorImpl.java:43)
at java.lang.reflect.Method.invoke(Method.java:498)
at org.testng.internal.MethodInvocationHelper.invokeMethod(MethodInvocationHelper.java:124)
at org.testng.internal.Invoker.invokeMethod(Invoker.java:583)
at org.testng.internal.Invoker.invokeTestMethod(Invoker.java:719)
at org.testng.internal.Invoker.invokeTestMethods(Invoker.java:989)
at org.testng.internal.TestMethodWorker.invokeTestMethods(TestMethodWorker.java:125)
at org.testng.internal.TestMethodWorker.run(TestMethodWorker.java:109)
at org.testng.TestRunner.privateRun(TestRunner.java:648)
at org.testng.TestRunner.run(TestRunner.java:505)
at org.testng.SuiteRunner.runTest(SuiteRunner.java:455)
at org.testng.SuiteRunner.runSequentially(SuiteRunner.java:450)
at org.testng.SuiteRunner.privateRun(SuiteRunner.java:415)
at org.testng.SuiteRunner.run(SuiteRunner.java:364)
at org.testng.SuiteRunnerWorker.runSuite(SuiteRunnerWorker.java:52)
at org.testng.SuiteRunnerWorker.run(SuiteRunnerWorker.java:84)
at org.testng.TestNG.runSuitesSequentially(TestNG.java:1208)
at org.testng.TestNG.runSuitesLocally(TestNG.java:1137)
at org.testng.TestNG.runSuites(TestNG.java:1049)
at org.testng.TestNG.run(TestNG.java:1017)
at org.testng.IDEARemoteTestNG.run(IDEARemoteTestNG.java:73)
at org.testng.RemoteTestNGStarter.main(RemoteTestNGStarter.java:123)
]]>
            </full-stacktrace>
          </exception> <!-- java.lang.AssertionError -->
          <reporter-output>
          </reporter-output>
        </test-method> <!-- checkUserLoginUsingPopUp -->
        <test-method status="PASS" signature="tearDown()[pri:0, instance:com.alevel.LoginTest@af0964f4]" name="tearDown" is-config="true" duration-ms="866" started-at="2019-09-23T14:39:32Z" finished-at="2019-09-23T14:39:33Z">
          <reporter-output>
          </reporter-output>
        </test-method> <!-- tearDown -->
      </class> <!-- com.alevel.LoginTest -->
      <class name="com.alevel.YTPageTest">
        <test-method status="PASS" signature="setUp()[pri:0, instance:com.alevel.YTPageTest@de3ae302]" name="setUp" is-config="true" duration-ms="13786" started-at="2019-09-23T14:37:54Z" finished-at="2019-09-23T14:38:07Z">
          <reporter-output>
          </reporter-output>
        </test-method> <!-- setUp -->
        <test-method status="PASS" signature="checkThatAfterClickOnTwitterSocIconOpensTwitterPage()[pri:0, instance:com.alevel.YTPageTest@de3ae302]" name="checkThatAfterClickOnTwitterSocIconOpensTwitterPage" duration-ms="4084" started-at="2019-09-23T14:38:07Z" finished-at="2019-09-23T14:38:11Z">
          <reporter-output>
          </reporter-output>
        </test-method> <!-- checkThatAfterClickOnTwitterSocIconOpensTwitterPage -->
        <test-method status="PASS" signature="tearDown()[pri:0, instance:com.alevel.YTPageTest@de3ae302]" name="tearDown" is-config="true" duration-ms="828" started-at="2019-09-23T14:38:11Z" finished-at="2019-09-23T14:38:12Z">
          <reporter-output>
          </reporter-output>
        </test-method> <!-- tearDown -->
      </class> <!-- com.alevel.YTPageTest -->
      <class name="com.alevel.InstaPageTest">
        <test-method status="PASS" signature="setUp()[pri:0, instance:com.alevel.InstaPageTest@ac5566a5]" name="setUp" is-config="true" duration-ms="13358" started-at="2019-09-23T14:38:12Z" finished-at="2019-09-23T14:38:26Z">
          <reporter-output>
          </reporter-output>
        </test-method> <!-- setUp -->
        <test-method status="PASS" signature="checkThatAfterClickOnInstagramSocIconOpensInstagramPage()[pri:0, instance:com.alevel.InstaPageTest@ac5566a5]" name="checkThatAfterClickOnInstagramSocIconOpensInstagramPage" duration-ms="4480" started-at="2019-09-23T14:38:26Z" finished-at="2019-09-23T14:38:30Z">
          <reporter-output>
          </reporter-output>
        </test-method> <!-- checkThatAfterClickOnInstagramSocIconOpensInstagramPage -->
        <test-method status="PASS" signature="tearDown()[pri:0, instance:com.alevel.InstaPageTest@ac5566a5]" name="tearDown" is-config="true" duration-ms="917" started-at="2019-09-23T14:38:30Z" finished-at="2019-09-23T14:38:31Z">
          <reporter-output>
          </reporter-output>
        </test-method> <!-- tearDown -->
      </class> <!-- com.alevel.InstaPageTest -->
      <class name="com.alevel.FBSocIconTest">
        <test-method status="PASS" signature="setUp()[pri:0, instance:com.alevel.FBSocIconTest@9d3cc743]" name="setUp" is-config="true" duration-ms="13277" started-at="2019-09-23T14:37:35Z" finished-at="2019-09-23T14:37:49Z">
          <reporter-output>
          </reporter-output>
        </test-method> <!-- setUp -->
        <test-method status="PASS" signature="checkThatAfterClickOnFBSocIconOpensFBPage()[pri:0, instance:com.alevel.FBSocIconTest@9d3cc743]" name="checkThatAfterClickOnFBSocIconOpensFBPage" duration-ms="4079" started-at="2019-09-23T14:37:49Z" finished-at="2019-09-23T14:37:53Z">
          <reporter-output>
          </reporter-output>
        </test-method> <!-- checkThatAfterClickOnFBSocIconOpensFBPage -->
        <test-method status="PASS" signature="tearDown()[pri:0, instance:com.alevel.FBSocIconTest@9d3cc743]" name="tearDown" is-config="true" duration-ms="754" started-at="2019-09-23T14:37:53Z" finished-at="2019-09-23T14:37:54Z">
          <reporter-output>
          </reporter-output>
        </test-method> <!-- tearDown -->
      </class> <!-- com.alevel.FBSocIconTest -->
      <class name="com.alevel.CitySelectTest">
        <test-method status="PASS" signature="setUp()[pri:0, instance:com.alevel.CitySelectTest@c83b4f2c]" name="setUp" is-config="true" duration-ms="13414" started-at="2019-09-23T14:37:04Z" finished-at="2019-09-23T14:37:17Z">
          <reporter-output>
          </reporter-output>
        </test-method> <!-- setUp -->
        <test-method status="PASS" signature="checkThatUserCanSelectCityUsingCitySelectAtHeader()[pri:0, instance:com.alevel.CitySelectTest@c83b4f2c]" name="checkThatUserCanSelectCityUsingCitySelectAtHeader" duration-ms="380" started-at="2019-09-23T14:37:17Z" finished-at="2019-09-23T14:37:18Z">
          <reporter-output>
          </reporter-output>
        </test-method> <!-- checkThatUserCanSelectCityUsingCitySelectAtHeader -->
        <test-method status="PASS" signature="tearDown()[pri:0, instance:com.alevel.CitySelectTest@c83b4f2c]" name="tearDown" is-config="true" duration-ms="758" started-at="2019-09-23T14:37:18Z" finished-at="2019-09-23T14:37:18Z">
          <reporter-output>
          </reporter-output>
        </test-method> <!-- tearDown -->
      </class> <!-- com.alevel.CitySelectTest -->
      <class name="com.alevel.IOSApplinkTest">
        <test-method status="PASS" signature="setUp()[pri:0, instance:com.alevel.IOSApplinkTest@92f20a20]" name="setUp" is-config="true" duration-ms="13285" started-at="2019-09-23T14:38:31Z" finished-at="2019-09-23T14:38:44Z">
          <reporter-output>
          </reporter-output>
        </test-method> <!-- setUp -->
        <test-method status="PASS" signature="checkThatAfterClickOnIOSIconOpensAppStorePage()[pri:0, instance:com.alevel.IOSApplinkTest@92f20a20]" name="checkThatAfterClickOnIOSIconOpensAppStorePage" duration-ms="15381" started-at="2019-09-23T14:38:44Z" finished-at="2019-09-23T14:39:00Z">
          <reporter-output>
          </reporter-output>
        </test-method> <!-- checkThatAfterClickOnIOSIconOpensAppStorePage -->
        <test-method status="PASS" signature="tearDown()[pri:0, instance:com.alevel.IOSApplinkTest@92f20a20]" name="tearDown" is-config="true" duration-ms="751" started-at="2019-09-23T14:39:00Z" finished-at="2019-09-23T14:39:01Z">
          <reporter-output>
          </reporter-output>
        </test-method> <!-- tearDown -->
      </class> <!-- com.alevel.IOSApplinkTest -->
      <class name="com.alevel.ViberPageTest">
        <test-method status="PASS" signature="setUp()[pri:0, instance:com.alevel.ViberPageTest@1f8136c9]" name="setUp" is-config="true" duration-ms="13020" started-at="2019-09-23T14:37:18Z" finished-at="2019-09-23T14:37:31Z">
          <reporter-output>
          </reporter-output>
        </test-method> <!-- setUp -->
        <test-method status="PASS" signature="checkThatAfterClickOnTwitterSocIconOpensTwitterPage()[pri:0, instance:com.alevel.ViberPageTest@1f8136c9]" name="checkThatAfterClickOnTwitterSocIconOpensTwitterPage" duration-ms="3171" started-at="2019-09-23T14:37:31Z" finished-at="2019-09-23T14:37:35Z">
          <reporter-output>
          </reporter-output>
        </test-method> <!-- checkThatAfterClickOnTwitterSocIconOpensTwitterPage -->
        <test-method status="PASS" signature="tearDown()[pri:0, instance:com.alevel.ViberPageTest@1f8136c9]" name="tearDown" is-config="true" duration-ms="729" started-at="2019-09-23T14:37:35Z" finished-at="2019-09-23T14:37:35Z">
          <reporter-output>
          </reporter-output>
        </test-method> <!-- tearDown -->
      </class> <!-- com.alevel.ViberPageTest -->
      <class name="com.alevel.SearchTests">
        <test-method status="PASS" signature="setUp()[pri:0, instance:com.alevel.SearchTests@c1f3f5ce]" name="setUp" is-config="true" duration-ms="13359" started-at="2019-09-23T14:40:12Z" finished-at="2019-09-23T14:40:25Z">
          <reporter-output>
          </reporter-output>
        </test-method> <!-- setUp -->
        <test-method status="PASS" signature="checkSearchResultsPO(java.lang.String)[pri:0, instance:com.alevel.SearchTests@c1f3f5ce]" name="checkSearchResultsPO" duration-ms="21569" started-at="2019-09-23T14:40:25Z" data-provider="provide" finished-at="2019-09-23T14:40:47Z">
          <params>
            <param index="0">
              <value>
                <![CDATA[ноутбук asus]]>
              </value>
            </param>
          </params>
          <reporter-output>
          </reporter-output>
        </test-method> <!-- checkSearchResultsPO -->
        <test-method status="PASS" signature="tearDown()[pri:0, instance:com.alevel.SearchTests@c1f3f5ce]" name="tearDown" is-config="true" duration-ms="848" started-at="2019-09-23T14:40:47Z" finished-at="2019-09-23T14:40:48Z">
          <reporter-output>
          </reporter-output>
        </test-method> <!-- tearDown -->
        <test-method status="PASS" signature="setUp()[pri:0, instance:com.alevel.SearchTests@c1f3f5ce]" name="setUp" is-config="true" duration-ms="12797" started-at="2019-09-23T14:40:48Z" finished-at="2019-09-23T14:41:01Z">
          <reporter-output>
          </reporter-output>
        </test-method> <!-- setUp -->
        <test-method status="PASS" signature="checkSearchResultsPO(java.lang.String)[pri:0, instance:com.alevel.SearchTests@c1f3f5ce]" name="checkSearchResultsPO" duration-ms="18225" started-at="2019-09-23T14:41:01Z" data-provider="provide" finished-at="2019-09-23T14:41:19Z">
          <params>
            <param index="0">
              <value>
                <![CDATA[4QW16ES]]>
              </value>
            </param>
          </params>
          <reporter-output>
          </reporter-output>
        </test-method> <!-- checkSearchResultsPO -->
        <test-method status="PASS" signature="tearDown()[pri:0, instance:com.alevel.SearchTests@c1f3f5ce]" name="tearDown" is-config="true" duration-ms="762" started-at="2019-09-23T14:41:19Z" finished-at="2019-09-23T14:41:20Z">
          <reporter-output>
          </reporter-output>
        </test-method> <!-- tearDown -->
      </class> <!-- com.alevel.SearchTests -->
    </test> <!-- Regression -->
  </suite> <!-- Full Suite -->
</testng-results>
